0 info it worked if it ends with ok
1 verbose cli [ 'C:\\Program Files\\nodejs\\node.exe',
1 verbose cli   'C:\\Users\\chihaiyue\\AppData\\Roaming\\npm\\node_modules\\npm\\bin\\npm-cli.js',
1 verbose cli   'install',
1 verbose cli   'heapdump',
1 verbose cli   '--save-dev' ]
2 info using npm@3.10.9
3 info using node@v4.4.4
4 silly loadCurrentTree Starting
5 silly install loadCurrentTree
6 silly install readLocalPackageData
7 silly fetchPackageMetaData heapdump
8 silly fetchNamedPackageData heapdump
9 silly mapToRegistry name heapdump
10 silly mapToRegistry using default registry
11 silly mapToRegistry registry https://registry.npm.taobao.org/
12 silly mapToRegistry data Result {
12 silly mapToRegistry   raw: 'heapdump',
12 silly mapToRegistry   scope: null,
12 silly mapToRegistry   escapedName: 'heapdump',
12 silly mapToRegistry   name: 'heapdump',
12 silly mapToRegistry   rawSpec: '',
12 silly mapToRegistry   spec: 'latest',
12 silly mapToRegistry   type: 'tag' }
13 silly mapToRegistry uri https://registry.npm.taobao.org/heapdump
14 verbose request uri https://registry.npm.taobao.org/heapdump
15 verbose request no auth needed
16 info attempt registry request try #1 at 10:31:32
17 verbose request id 4e0d5ab2d91fa814
18 http request GET https://registry.npm.taobao.org/heapdump
19 http 200 https://registry.npm.taobao.org/heapdump
20 verbose headers { date: 'Tue, 20 Jun 2017 02:31:32 GMT',
20 verbose headers   'content-type': 'application/json; charset=utf-8',
20 verbose headers   'content-length': '32791',
20 verbose headers   connection: 'keep-alive',
20 verbose headers   'x-current-requests': '1',
20 verbose headers   etag: '"8017-1tZTc4c0/9UwRUFffFYxJbLETYA"',
20 verbose headers   'x-readtime': '30' }
21 silly get cb [ 200,
21 silly get   { date: 'Tue, 20 Jun 2017 02:31:32 GMT',
21 silly get     'content-type': 'application/json; charset=utf-8',
21 silly get     'content-length': '32791',
21 silly get     connection: 'keep-alive',
21 silly get     'x-current-requests': '1',
21 silly get     etag: '"8017-1tZTc4c0/9UwRUFffFYxJbLETYA"',
21 silly get     'x-readtime': '30' } ]
22 verbose get saving heapdump to C:\Users\chihaiyue\AppData\Roaming\npm-cache\registry.npm.taobao.org\heapdump\.cache.json
23 verbose correctMkdir C:\Users\chihaiyue\AppData\Roaming\npm-cache correctMkdir not in flight; initializing
24 silly install normalizeTree
25 silly loadCurrentTree Finishing
26 silly loadIdealTree Starting
27 silly install loadIdealTree
28 silly cloneCurrentTree Starting
29 silly install cloneCurrentTreeToIdealTree
30 silly cloneCurrentTree Finishing
31 silly loadShrinkwrap Starting
32 silly install loadShrinkwrap
33 silly loadShrinkwrap Finishing
34 silly loadAllDepsIntoIdealTree Starting
35 silly install loadAllDepsIntoIdealTree
36 silly resolveWithNewModule heapdump@0.3.9 checking installable status
37 silly cache add args [ 'heapdump', null ]
38 verbose cache add spec heapdump
39 silly cache add parsed spec Result {
39 silly cache add   raw: 'heapdump',
39 silly cache add   scope: null,
39 silly cache add   escapedName: 'heapdump',
39 silly cache add   name: 'heapdump',
39 silly cache add   rawSpec: '',
39 silly cache add   spec: 'latest',
39 silly cache add   type: 'tag' }
40 silly addNamed heapdump@latest
41 verbose addNamed "latest" is being treated as a dist-tag for heapdump
42 info addNameTag [ 'heapdump', 'latest' ]
43 silly mapToRegistry name heapdump
44 silly mapToRegistry using default registry
45 silly mapToRegistry registry https://registry.npm.taobao.org/
46 silly mapToRegistry data Result {
46 silly mapToRegistry   raw: 'heapdump',
46 silly mapToRegistry   scope: null,
46 silly mapToRegistry   escapedName: 'heapdump',
46 silly mapToRegistry   name: 'heapdump',
46 silly mapToRegistry   rawSpec: '',
46 silly mapToRegistry   spec: 'latest',
46 silly mapToRegistry   type: 'tag' }
47 silly mapToRegistry uri https://registry.npm.taobao.org/heapdump
48 verbose addNameTag registry:https://registry.npm.taobao.org/heapdump not in flight; fetching
49 verbose get https://registry.npm.taobao.org/heapdump not expired, no request
50 silly addNameTag next cb for heapdump with tag latest
51 silly addNamed heapdump@0.3.9
52 verbose addNamed "0.3.9" is a plain semver version for heapdump
53 silly mapToRegistry name heapdump
54 silly mapToRegistry using default registry
55 silly mapToRegistry registry https://registry.npm.taobao.org/
56 silly mapToRegistry data Result {
56 silly mapToRegistry   raw: 'heapdump',
56 silly mapToRegistry   scope: null,
56 silly mapToRegistry   escapedName: 'heapdump',
56 silly mapToRegistry   name: 'heapdump',
56 silly mapToRegistry   rawSpec: '',
56 silly mapToRegistry   spec: 'latest',
56 silly mapToRegistry   type: 'tag' }
57 silly mapToRegistry uri https://registry.npm.taobao.org/heapdump
58 verbose addRemoteTarball https://registry.npm.taobao.org/heapdump/download/heapdump-0.3.9.tgz not in flight; adding
59 verbose addRemoteTarball [ 'https://registry.npm.taobao.org/heapdump/download/heapdump-0.3.9.tgz',
59 verbose addRemoteTarball   '03c74eb0df5d67be0982e83429ba9c9d2b3b7f78' ]
60 info retry fetch attempt 1 at 10:31:32
61 info attempt registry request try #1 at 10:31:32
62 http fetch GET https://registry.npm.taobao.org/heapdump/download/heapdump-0.3.9.tgz
63 http fetch 200 https://registry.npm.taobao.org/heapdump/download/heapdump-0.3.9.tgz
64 silly fetchAndShaCheck shasum 03c74eb0df5d67be0982e83429ba9c9d2b3b7f78
65 verbose addTmpTarball C:\Users\CHIHAI~1\AppData\Local\Temp\npm-7892-f4a5ab69\registry.npm.taobao.org\heapdump\download\heapdump-0.3.9.tgz not in flight; adding
66 verbose addTmpTarball already have metadata; skipping unpack for heapdump@0.3.9
67 verbose correctMkdir C:\Users\chihaiyue\AppData\Roaming\npm-cache correctMkdir not in flight; initializing
68 silly cache afterAdd heapdump@0.3.9
69 verbose afterAdd C:\Users\chihaiyue\AppData\Roaming\npm-cache\heapdump\0.3.9\package\package.json not in flight; writing
70 verbose correctMkdir C:\Users\chihaiyue\AppData\Roaming\npm-cache correctMkdir not in flight; initializing
71 verbose afterAdd C:\Users\chihaiyue\AppData\Roaming\npm-cache\heapdump\0.3.9\package\package.json written
72 silly loadAllDepsIntoIdealTree Finishing
73 silly loadIdealTree Finishing
74 silly currentTree p2pspider@0.0.8
74 silly currentTree +-- abstract-leveldown@2.4.1
74 silly currentTree +-- ansi-regex@2.1.1
74 silly currentTree +-- aproba@1.1.1
74 silly currentTree +-- are-we-there-yet@1.1.2
74 silly currentTree +-- bencode@0.7.0
74 silly currentTree +-- bignumber.js@3.1.2
74 silly currentTree +-- bindings@1.2.1
74 silly currentTree +-- bitfield@1.1.2
74 silly currentTree +-- bl@1.2.0
74 silly currentTree | +-- isarray@1.0.0
74 silly currentTree | `-- readable-stream@2.2.2
74 silly currentTree +-- buffer-shims@1.0.0
74 silly currentTree +-- code-point-at@1.1.0
74 silly currentTree +-- console-control-strings@1.1.0
74 silly currentTree +-- core-util-is@1.0.2
74 silly currentTree +-- deep-extend@0.4.1
74 silly currentTree +-- deferred-leveldown@1.2.1
74 silly currentTree +-- delegates@1.0.0
74 silly currentTree +-- double-ended-queue@2.1.0-0
74 silly currentTree +-- end-of-stream@1.1.0
74 silly currentTree | `-- once@1.3.3
74 silly currentTree +-- errno@0.1.4
74 silly currentTree | `-- prr@0.0.0
74 silly currentTree +-- expand-template@1.0.3
74 silly currentTree +-- fast-future@1.0.2
74 silly currentTree +-- gauge@2.7.3
74 silly currentTree +-- github-from-package@0.0.0
74 silly currentTree +-- has-unicode@2.0.1
74 silly currentTree +-- inherits@2.0.3
74 silly currentTree +-- ini@1.3.4
74 silly currentTree +-- is-fullwidth-code-point@1.0.0
74 silly currentTree +-- isarray@0.0.1
74 silly currentTree +-- level-codec@6.1.0
74 silly currentTree +-- level-errors@1.0.4
74 silly currentTree +-- level-iterator-stream@1.3.1
74 silly currentTree +-- level-packager@1.2.1
74 silly currentTree +-- level@1.6.0
74 silly currentTree +-- leveldown@1.6.0
74 silly currentTree | `-- abstract-leveldown@2.6.1
74 silly currentTree +-- levelup@1.3.3
74 silly currentTree +-- minimist@1.2.0
74 silly currentTree +-- mkdirp@0.5.1
74 silly currentTree | `-- minimist@0.0.8
74 silly currentTree +-- mysql@2.13.0
74 silly currentTree +-- nan@2.5.1
74 silly currentTree +-- node-abi@1.3.3
74 silly currentTree +-- noop-logger@0.1.1
74 silly currentTree +-- npmlog@4.0.2
74 silly currentTree +-- number-is-nan@1.0.1
74 silly currentTree +-- object-assign@4.1.1
74 silly currentTree +-- once@1.4.0
74 silly currentTree +-- os-homedir@1.0.2
74 silly currentTree +-- prebuild-install@2.1.0
74 silly currentTree +-- process-nextick-args@1.0.7
74 silly currentTree +-- prr@1.0.1
74 silly currentTree +-- pump@1.0.2
74 silly currentTree +-- rc@1.1.6
74 silly currentTree +-- readable-stream@1.1.14
74 silly currentTree +-- redis-commands@1.3.1
74 silly currentTree +-- redis-parser@2.4.0
74 silly currentTree +-- redis@2.6.5
74 silly currentTree +-- semver@5.1.1
74 silly currentTree +-- set-blocking@2.0.0
74 silly currentTree +-- signal-exit@3.0.2
74 silly currentTree +-- simple-get@1.4.3
74 silly currentTree +-- sqlstring@2.2.0
74 silly currentTree +-- string_decoder@0.10.31
74 silly currentTree +-- string-width@1.0.2
74 silly currentTree +-- strip-ansi@3.0.1
74 silly currentTree +-- strip-json-comments@1.0.4
74 silly currentTree +-- tar-fs@1.15.0
74 silly currentTree +-- tar-stream@1.5.2
74 silly currentTree | +-- isarray@1.0.0
74 silly currentTree | `-- readable-stream@2.2.2
74 silly currentTree +-- tunnel-agent@0.4.3
74 silly currentTree +-- unzip-response@1.0.2
74 silly currentTree +-- util-deprecate@1.0.2
74 silly currentTree +-- wide-align@1.1.0
74 silly currentTree +-- wrappy@1.0.2
74 silly currentTree `-- xtend@4.0.1
75 silly idealTree p2pspider@0.0.8
75 silly idealTree +-- abstract-leveldown@2.4.1
75 silly idealTree +-- ansi-regex@2.1.1
75 silly idealTree +-- aproba@1.1.1
75 silly idealTree +-- are-we-there-yet@1.1.2
75 silly idealTree +-- bencode@0.7.0
75 silly idealTree +-- bignumber.js@3.1.2
75 silly idealTree +-- bindings@1.2.1
75 silly idealTree +-- bitfield@1.1.2
75 silly idealTree +-- bl@1.2.0
75 silly idealTree | +-- isarray@1.0.0
75 silly idealTree | `-- readable-stream@2.2.2
75 silly idealTree +-- buffer-shims@1.0.0
75 silly idealTree +-- code-point-at@1.1.0
75 silly idealTree +-- console-control-strings@1.1.0
75 silly idealTree +-- core-util-is@1.0.2
75 silly idealTree +-- deep-extend@0.4.1
75 silly idealTree +-- deferred-leveldown@1.2.1
75 silly idealTree +-- delegates@1.0.0
75 silly idealTree +-- double-ended-queue@2.1.0-0
75 silly idealTree +-- end-of-stream@1.1.0
75 silly idealTree | `-- once@1.3.3
75 silly idealTree +-- errno@0.1.4
75 silly idealTree | `-- prr@0.0.0
75 silly idealTree +-- expand-template@1.0.3
75 silly idealTree +-- fast-future@1.0.2
75 silly idealTree +-- gauge@2.7.3
75 silly idealTree +-- github-from-package@0.0.0
75 silly idealTree +-- has-unicode@2.0.1
75 silly idealTree +-- heapdump@0.3.9
75 silly idealTree +-- inherits@2.0.3
75 silly idealTree +-- ini@1.3.4
75 silly idealTree +-- is-fullwidth-code-point@1.0.0
75 silly idealTree +-- isarray@0.0.1
75 silly idealTree +-- level-codec@6.1.0
75 silly idealTree +-- level-errors@1.0.4
75 silly idealTree +-- level-iterator-stream@1.3.1
75 silly idealTree +-- level-packager@1.2.1
75 silly idealTree +-- level@1.6.0
75 silly idealTree +-- leveldown@1.6.0
75 silly idealTree | `-- abstract-leveldown@2.6.1
75 silly idealTree +-- levelup@1.3.3
75 silly idealTree +-- minimist@1.2.0
75 silly idealTree +-- mkdirp@0.5.1
75 silly idealTree | `-- minimist@0.0.8
75 silly idealTree +-- mysql@2.13.0
75 silly idealTree +-- nan@2.5.1
75 silly idealTree +-- node-abi@1.3.3
75 silly idealTree +-- noop-logger@0.1.1
75 silly idealTree +-- npmlog@4.0.2
75 silly idealTree +-- number-is-nan@1.0.1
75 silly idealTree +-- object-assign@4.1.1
75 silly idealTree +-- once@1.4.0
75 silly idealTree +-- os-homedir@1.0.2
75 silly idealTree +-- prebuild-install@2.1.0
75 silly idealTree +-- process-nextick-args@1.0.7
75 silly idealTree +-- prr@1.0.1
75 silly idealTree +-- pump@1.0.2
75 silly idealTree +-- rc@1.1.6
75 silly idealTree +-- readable-stream@1.1.14
75 silly idealTree +-- redis-commands@1.3.1
75 silly idealTree +-- redis-parser@2.4.0
75 silly idealTree +-- redis@2.6.5
75 silly idealTree +-- semver@5.1.1
75 silly idealTree +-- set-blocking@2.0.0
75 silly idealTree +-- signal-exit@3.0.2
75 silly idealTree +-- simple-get@1.4.3
75 silly idealTree +-- sqlstring@2.2.0
75 silly idealTree +-- string_decoder@0.10.31
75 silly idealTree +-- string-width@1.0.2
75 silly idealTree +-- strip-ansi@3.0.1
75 silly idealTree +-- strip-json-comments@1.0.4
75 silly idealTree +-- tar-fs@1.15.0
75 silly idealTree +-- tar-stream@1.5.2
75 silly idealTree | +-- isarray@1.0.0
75 silly idealTree | `-- readable-stream@2.2.2
75 silly idealTree +-- tunnel-agent@0.4.3
75 silly idealTree +-- unzip-response@1.0.2
75 silly idealTree +-- util-deprecate@1.0.2
75 silly idealTree +-- wide-align@1.1.0
75 silly idealTree +-- wrappy@1.0.2
75 silly idealTree `-- xtend@4.0.1
76 silly generateActionsToTake Starting
77 silly install generateActionsToTake
78 silly generateActionsToTake Finishing
79 silly diffTrees action count 1
80 silly diffTrees add heapdump@0.3.9
81 silly decomposeActions action count 8
82 silly decomposeActions fetch heapdump@0.3.9
83 silly decomposeActions extract heapdump@0.3.9
84 silly decomposeActions test heapdump@0.3.9
85 silly decomposeActions preinstall heapdump@0.3.9
86 silly decomposeActions build heapdump@0.3.9
87 silly decomposeActions install heapdump@0.3.9
88 silly decomposeActions postinstall heapdump@0.3.9
89 silly decomposeActions finalize heapdump@0.3.9
90 silly runTopLevelLifecycles Starting
91 silly executeActions Starting
92 silly install executeActions
93 silly doSerial global-install 0
94 silly doParallel fetch 1
95 verbose correctMkdir C:\Users\chihaiyue\AppData\Roaming\npm-cache\_locks correctMkdir not in flight; initializing
96 verbose lock using C:\Users\chihaiyue\AppData\Roaming\npm-cache\_locks\staging-0b1b52e5e96fb1f2.lock for D:\share\p2pSpider\node_modules\.staging
97 silly doParallel extract 1
98 silly extract heapdump@0.3.9
99 verbose unbuild node_modules\.staging\heapdump-254578ae
100 silly gentlyRm D:\share\p2pSpider\node_modules\.staging\heapdump-254578ae is being purged from base D:\share\p2pSpider
101 verbose gentlyRm don't care about contents; nuking D:\share\p2pSpider\node_modules\.staging\heapdump-254578ae
102 verbose tar unpack C:\Users\chihaiyue\AppData\Roaming\npm-cache\heapdump\0.3.9\package.tgz
103 verbose tar unpacking to D:\share\p2pSpider\node_modules\.staging\heapdump-254578ae
104 silly gentlyRm D:\share\p2pSpider\node_modules\.staging\heapdump-254578ae is being purged
105 verbose gentlyRm don't care about contents; nuking D:\share\p2pSpider\node_modules\.staging\heapdump-254578ae
106 silly gunzTarPerm modes [ '777', '666' ]
107 silly gunzTarPerm extractEntry package.json
108 silly gunzTarPerm modified mode [ 'package.json', 420, 438 ]
109 silly gunzTarPerm extractEntry .npmignore
110 silly gunzTarPerm modified mode [ '.npmignore', 420, 438 ]
111 silly gunzTarPerm extractEntry README.md
112 silly gunzTarPerm modified mode [ 'README.md', 420, 438 ]
113 silly gunzTarPerm extractEntry LICENSE
114 silly gunzTarPerm modified mode [ 'LICENSE', 420, 438 ]
115 silly gunzTarPerm extractEntry .clang-format
116 silly gunzTarPerm modified mode [ '.clang-format', 420, 438 ]
117 silly gunzTarPerm extractEntry binding.gyp
118 silly gunzTarPerm modified mode [ 'binding.gyp', 420, 438 ]
119 silly gunzTarPerm extractEntry lib/main.js
120 silly gunzTarPerm modified mode [ 'lib/main.js', 420, 438 ]
121 silly gunzTarPerm extractEntry src/compat-inl.h
122 silly gunzTarPerm modified mode [ 'src/compat-inl.h', 420, 438 ]
123 silly gunzTarPerm extractEntry src/compat.h
124 silly gunzTarPerm modified mode [ 'src/compat.h', 420, 438 ]
125 silly gunzTarPerm extractEntry src/heapdump-posix.h
126 silly gunzTarPerm modified mode [ 'src/heapdump-posix.h', 420, 438 ]
127 silly gunzTarPerm extractEntry src/heapdump-win32.h
128 silly gunzTarPerm modified mode [ 'src/heapdump-win32.h', 420, 438 ]
129 silly gunzTarPerm extractEntry src/heapdump.cc
130 silly gunzTarPerm modified mode [ 'src/heapdump.cc', 420, 438 ]
131 silly gunzTarPerm extractEntry test/test-callback-without-filename.js
132 silly gunzTarPerm modified mode [ 'test/test-callback-without-filename.js', 420, 438 ]
133 silly gunzTarPerm extractEntry test/test-callback.js
134 silly gunzTarPerm modified mode [ 'test/test-callback.js', 420, 438 ]
135 silly gunzTarPerm extractEntry test/test-sigusr2.js
136 silly gunzTarPerm modified mode [ 'test/test-sigusr2.js', 420, 438 ]
137 silly gentlyRm D:\share\p2pSpider\node_modules\.staging\heapdump-254578ae\node_modules is being purged
138 verbose gentlyRm don't care about contents; nuking D:\share\p2pSpider\node_modules\.staging\heapdump-254578ae\node_modules
139 silly doParallel preinstall 1
140 silly preinstall heapdump@0.3.9 D:\share\p2pSpider\node_modules\.staging\heapdump-254578ae
141 info lifecycle heapdump@0.3.9~preinstall: heapdump@0.3.9
142 silly lifecycle heapdump@0.3.9~preinstall: no script for preinstall, continuing
143 silly doReverseSerial remove 0
144 silly doSerial move 0
145 silly doSerial finalize 1
146 silly finalize D:\share\p2pSpider\node_modules\heapdump
147 silly doSerial build 1
148 silly build heapdump@0.3.9
149 info linkStuff heapdump@0.3.9
150 silly linkStuff heapdump@0.3.9 has D:\share\p2pSpider\node_modules as its parent node_modules
151 verbose linkBins heapdump@0.3.9
152 verbose linkMans heapdump@0.3.9
153 silly doSerial global-link 0
154 silly doParallel update-linked 0
155 silly doSerial install 1
156 silly install heapdump@0.3.9 D:\share\p2pSpider\node_modules\.staging\heapdump-254578ae
157 info lifecycle heapdump@0.3.9~install: heapdump@0.3.9
158 verbose lifecycle heapdump@0.3.9~install: unsafe-perm in lifecycle true
159 verbose lifecycle heapdump@0.3.9~install: PATH: C:\Users\chihaiyue\AppData\Roaming\npm\node_modules\npm\bin\node-gyp-bin;D:\share\p2pSpider\node_modules\heapdump\node_modules\.bin;D:\share\p2pSpider\node_modules\.bin;D:\Git\mingw64\bin;D:\Git\usr\bin;C:\Users\chihaiyue\bin;C:\Python27;C:\Python27\Scripts;C:\Ruby22\bin;C:\Windows\system32;C:\Windows;C:\Windows\System32\Wbem;C:\Windows\System32\WindowsPowerShell\v1.0;C:\Program Files\nodejs;C:\Program Files\Intel\WiFi\bin;C:\Program Files\Common Files\Intel\WirelessCommon;C:\Program Files\Bandizip\7z;C:\Program Files\nodejs;C:\Users\chihaiyue\AppData\Roaming\npm;C:\Program Files (x86)\Microsoft VS Code\bin
160 verbose lifecycle heapdump@0.3.9~install: CWD: D:\share\p2pSpider\node_modules\heapdump
161 silly lifecycle heapdump@0.3.9~install: Args: [ '/d /s /c', 'node-gyp rebuild' ]
162 silly lifecycle heapdump@0.3.9~install: Returned: code: 1  signal: null
163 info lifecycle heapdump@0.3.9~install: Failed to exec install script
164 verbose unlock done using C:\Users\chihaiyue\AppData\Roaming\npm-cache\_locks\staging-0b1b52e5e96fb1f2.lock for D:\share\p2pSpider\node_modules\.staging
165 silly rollbackFailedOptional Starting
166 silly rollbackFailedOptional Finishing
167 silly runTopLevelLifecycles Finishing
168 silly install printInstalled
169 verbose stack Error: heapdump@0.3.9 install: `node-gyp rebuild`
169 verbose stack Exit status 1
169 verbose stack     at EventEmitter.<anonymous> (C:\Users\chihaiyue\AppData\Roaming\npm\node_modules\npm\lib\utils\lifecycle.js:255:16)
169 verbose stack     at emitTwo (events.js:87:13)
169 verbose stack     at EventEmitter.emit (events.js:172:7)
169 verbose stack     at ChildProcess.<anonymous> (C:\Users\chihaiyue\AppData\Roaming\npm\node_modules\npm\lib\utils\spawn.js:40:14)
169 verbose stack     at emitTwo (events.js:87:13)
169 verbose stack     at ChildProcess.emit (events.js:172:7)
169 verbose stack     at maybeClose (internal/child_process.js:827:16)
169 verbose stack     at Process.ChildProcess._handle.onexit (internal/child_process.js:211:5)
170 verbose pkgid heapdump@0.3.9
171 verbose cwd D:\share\p2pSpider
172 error Windows_NT 6.1.7601
173 error argv "C:\\Program Files\\nodejs\\node.exe" "C:\\Users\\chihaiyue\\AppData\\Roaming\\npm\\node_modules\\npm\\bin\\npm-cli.js" "install" "heapdump" "--save-dev"
174 error node v4.4.4
175 error npm  v3.10.9
176 error code ELIFECYCLE
177 error heapdump@0.3.9 install: `node-gyp rebuild`
177 error Exit status 1
178 error Failed at the heapdump@0.3.9 install script 'node-gyp rebuild'.
178 error Make sure you have the latest version of node.js and npm installed.
178 error If you do, this is most likely a problem with the heapdump package,
178 error not with npm itself.
178 error Tell the author that this fails on your system:
178 error     node-gyp rebuild
178 error You can get information on how to open an issue for this project with:
178 error     npm bugs heapdump
178 error Or if that isn't available, you can get their info via:
178 error     npm owner ls heapdump
178 error There is likely additional logging output above.
179 verbose exit [ 1, true ]
